# JRE version: OpenJDK Runtime Environment Temurin-17.0.7+7 (17.0.7+7) (build 17.0.7+7)
# Java VM: OpenJDK 64-Bit Server VM Temurin-17.0.7+7 (17.0.7+7, mixed mode, emulated-client, tiered, compressed oops, compressed class ptrs, g1 gc, windows-amd64)
GC Precious Log:
 CPUs: 4 total, 4 available
 Memory: 3992M
 Large Page Support: Disabled
 NUMA Support: Disabled
 Compressed Oops: Enabled (32-bit)
 Heap Region Size: 1M
 Heap Min Capacity: 8M
 Heap Initial Capacity: 64M
 Heap Max Capacity: 1000M
 Pre-touch: Disabled
 Parallel Workers: 4
 Concurrent Workers: 1
 Concurrent Refinement Workers: 4
 Periodic GC: Disabled
Heap:
 garbage-first heap   total 40960K, used 31270K [0x00000000c1800000, 0x0000000100000000)
  region size 1024K, 12 young (12288K), 2 survivors (2048K)
 Metaspace       used 59544K, committed 60032K, reserved 1114112K
  class space    used 8016K, committed 8256K, reserved 1048576K
GC Heap History (20 events):
Event: 11.263 GC heap before
{Heap before GC invocations=9 (full 0):
 garbage-first heap   total 40960K, used 29425K [0x00000000c1800000, 0x0000000100000000)
  region size 1024K, 18 young (18432K), 2 survivors (2048K)
 Metaspace       used 32482K, committed 32896K, reserved 1114112K
  class space    used 4071K, committed 4288K, reserved 1048576K
}
Event: 11.269 GC heap after
{Heap after GC invocations=10 (full 0):
 garbage-first heap   total 40960K, used 14491K [0x00000000c1800000, 0x0000000100000000)
  region size 1024K, 3 young (3072K), 3 survivors (3072K)
 Metaspace       used 32482K, committed 32896K, reserved 1114112K
  class space    used 4071K, committed 4288K, reserved 1048576K
}
Event: 12.047 GC heap before
{Heap before GC invocations=10 (full 0):
 garbage-first heap   total 40960K, used 29851K [0x00000000c1800000, 0x0000000100000000)
  region size 1024K, 18 young (18432K), 3 survivors (3072K)
 Metaspace       used 35173K, committed 35648K, reserved 1114112K
  class space    used 4444K, committed 4672K, reserved 1048576K
}
Event: 12.055 GC heap after
{Heap after GC invocations=11 (full 0):
 garbage-first heap   total 40960K, used 16237K [0x00000000c1800000, 0x0000000100000000)
  region size 1024K, 2 young (2048K), 2 survivors (2048K)
 Metaspace       used 35173K, committed 35648K, reserved 1114112K
  class space    used 4444K, committed 4672K, reserved 1048576K
}
Event: 12.364 GC heap before
{Heap before GC invocations=11 (full 0):
 garbage-first heap   total 40960K, used 21357K [0x00000000c1800000, 0x0000000100000000)
  region size 1024K, 9 young (9216K), 2 survivors (2048K)
 Metaspace       used 36014K, committed 36416K, reserved 1114112K
  class space    used 4539K, committed 4736K, reserved 1048576K
}
Event: 12.369 GC heap after
{Heap after GC invocations=12 (full 0):
 garbage-first heap   total 40960K, used 17163K [0x00000000c1800000, 0x0000000100000000)
  region size 1024K, 2 young (2048K), 2 survivors (2048K)
 Metaspace       used 36014K, committed 36416K, reserved 1114112K
  class space    used 4539K, committed 4736K, reserved 1048576K
}
Event: 13.080 GC heap before
{Heap before GC invocations=13 (full 0):
 garbage-first heap   total 40960K, used 29451K [0x00000000c1800000, 0x0000000100000000)
  region size 1024K, 14 young (14336K), 2 survivors (2048K)
 Metaspace       used 37485K, committed 38016K, reserved 1114112K
  class space    used 4776K, committed 4992K, reserved 1048576K
}
Event: 13.085 GC heap after
{Heap after GC invocations=14 (full 0):
 garbage-first heap   total 40960K, used 17660K [0x00000000c1800000, 0x0000000100000000)
  region size 1024K, 2 young (2048K), 2 survivors (2048K)
 Metaspace       used 37485K, committed 38016K, reserved 1114112K
  class space    used 4776K, committed 4992K, reserved 1048576K
}
Event: 13.134 GC heap before
{Heap before GC invocations=14 (full 0):
 garbage-first heap   total 40960K, used 17660K [0x00000000c1800000, 0x0000000100000000)
  region size 1024K, 3 young (3072K), 2 survivors (2048K)
 Metaspace       used 37895K, committed 38336K, reserved 1114112K
  class space    used 4807K, committed 4992K, reserved 1048576K
}
Event: 13.139 GC heap after
{Heap after GC invocations=15 (full 0):
 garbage-first heap   total 40960K, used 17574K [0x00000000c1800000, 0x0000000100000000)
  region size 1024K, 1 young (1024K), 1 survivors (1024K)
 Metaspace       used 37895K, committed 38336K, reserved 1114112K
  class space    used 4807K, committed 4992K, reserved 1048576K
}
Event: 14.081 GC heap before
{Heap before GC invocations=15 (full 0):
 garbage-first heap   total 40960K, used 30886K [0x00000000c1800000, 0x0000000100000000)
  region size 1024K, 14 young (14336K), 1 survivors (1024K)
 Metaspace       used 41379K, committed 41792K, reserved 1114112K
  class space    used 5326K, committed 5504K, reserved 1048576K
}
Event: 14.085 GC heap after
{Heap after GC invocations=16 (full 0):
 garbage-first heap   total 40960K, used 18010K [0x00000000c1800000, 0x0000000100000000)
  region size 1024K, 1 young (1024K), 1 survivors (1024K)
 Metaspace       used 41379K, committed 41792K, reserved 1114112K
  class space    used 5326K, committed 5504K, reserved 1048576K
}
Event: 14.927 GC heap before
{Heap before GC invocations=16 (full 0):
 garbage-first heap   total 40960K, used 31322K [0x00000000c1800000, 0x0000000100000000)
  region size 1024K, 14 young (14336K), 1 survivors (1024K)
 Metaspace       used 44884K, committed 45376K, reserved 1114112K
  class space    used 5801K, committed 6080K, reserved 1048576K
}
Event: 14.931 GC heap after
{Heap after GC invocations=17 (full 0):
 garbage-first heap   total 40960K, used 18941K [0x00000000c1800000, 0x0000000100000000)
  region size 1024K, 2 young (2048K), 2 survivors (2048K)
 Metaspace       used 44884K, committed 45376K, reserved 1114112K
  class space    used 5801K, committed 6080K, reserved 1048576K
}
Event: 16.146 GC heap before
{Heap before GC invocations=17 (full 0):
 garbage-first heap   total 40960K, used 32253K [0x00000000c1800000, 0x0000000100000000)
  region size 1024K, 15 young (15360K), 2 survivors (2048K)
 Metaspace       used 50774K, committed 51264K, reserved 1114112K
  class space    used 6568K, committed 6784K, reserved 1048576K
}
Event: 16.152 GC heap after
{Heap after GC invocations=18 (full 0):
 garbage-first heap   total 40960K, used 20447K [0x00000000c1800000, 0x0000000100000000)
  region size 1024K, 2 young (2048K), 2 survivors (2048K)
 Metaspace       used 50774K, committed 51264K, reserved 1114112K
  class space    used 6568K, committed 6784K, reserved 1048576K
}
Event: 16.604 GC heap before
{Heap before GC invocations=18 (full 0):
 garbage-first heap   total 40960K, used 31711K [0x00000000c1800000, 0x0000000100000000)
  region size 1024K, 14 young (14336K), 2 survivors (2048K)
 Metaspace       used 53620K, committed 54144K, reserved 1114112K
  class space    used 6943K, committed 7168K, reserved 1048576K
}
Event: 16.610 GC heap after
{Heap after GC invocations=19 (full 0):
 garbage-first heap   total 40960K, used 21457K [0x00000000c1800000, 0x0000000100000000)
  region size 1024K, 1 young (1024K), 1 survivors (1024K)
 Metaspace       used 53620K, committed 54144K, reserved 1114112K
  class space    used 6943K, committed 7168K, reserved 1048576K
}
Event: 17.145 GC heap before
{Heap before GC invocations=19 (full 0):
 garbage-first heap   total 40960K, used 31697K [0x00000000c1800000, 0x0000000100000000)
  region size 1024K, 12 young (12288K), 1 survivors (1024K)
 Metaspace       used 57561K, committed 58048K, reserved 1114112K
  class space    used 7581K, committed 7808K, reserved 1048576K
}
Event: 17.149 GC heap after
{Heap after GC invocations=20 (full 0):
 garbage-first heap   total 40960K, used 22054K [0x00000000c1800000, 0x0000000100000000)
  region size 1024K, 2 young (2048K), 2 survivors (2048K)
 Metaspace       used 57561K, committed 58048K, reserved 1114112K
  class space    used 7581K, committed 7808K, reserved 1048576K
}

